<?xml version="1.0" encoding="UTF-8"?>
<!-- Generated by org.testng.reporters.JUnitXMLReporter -->
<testsuite ignored="0" hostname="DESKTOP-DGE33NL" failures="1" tests="7" name="Test8" time="0.176" errors="0" timestamp="2022-04-29T13:53:27 IST">
  <testcase classname="com.example.demotestdependency.TestGroupDependencyTest" name="test1" time="0.021">
    <failure type="java.lang.ArithmeticException" message="/ by zero">
      <![CDATA[java.lang.ArithmeticException: / by zero
at com.example.demotestdependency.TestGroupDependencyTest.test1(TestGroupDependencyTest.java:8)
at java.base/java.util.ArrayList.forEach(ArrayList.java:1511)
... Removed 27 stack frames]]>
    </failure>
  </testcase> <!-- test1 -->
  <testcase classname="com.example.demotestdependency.TestGroupDependencyTest" name="test2" time="0.004"/>
  <testcase classname="com.example.demotestdependency.TestGroupDependencyTest" name="test3" time="0.002"/>
  <testcase classname="com.example.demotestdependency.TestGroupDependencyTest" name="test4" time="0.001">
    <skipped/>
  </testcase> <!-- test4 -->
  <testcase classname="com.example.demotestdependency.TestGroupDependencyTest" name="test5" time="0.0">
    <skipped/>
  </testcase> <!-- test5 -->
  <testcase classname="com.example.demotestdependency.TestGroupDependencyTest" name="test6" time="0.0">
    <skipped/>
  </testcase> <!-- test6 -->
  <testcase classname="com.example.demotestdependency.TestGroupDependencyTest" name="test7" time="0.0">
    <skipped/>
  </testcase> <!-- test7 -->
</testsuite> <!-- Test8 -->
